0 info it worked if it ends with ok
1 verbose cli [ '/Users/airongbin/.nvm/versions/node/v6.12.0/bin/node',
1 verbose cli   '/Users/airongbin/.nvm/versions/node/v6.12.0/bin/npm',
1 verbose cli   'login' ]
2 info using npm@3.10.10
3 info using node@v6.12.0
4 verbose stack Error: canceled
4 verbose stack     at Interface.<anonymous> (/Users/airongbin/.nvm/versions/node/v6.12.0/lib/node_modules/npm/node_modules/read/lib/read.js:66:13)
4 verbose stack     at emitNone (events.js:86:13)
4 verbose stack     at Interface.emit (events.js:185:7)
4 verbose stack     at Interface._ttyWrite (readline.js:724:16)
4 verbose stack     at ReadStream.onkeypress (readline.js:119:10)
4 verbose stack     at emitTwo (events.js:106:13)
4 verbose stack     at ReadStream.emit (events.js:191:7)
4 verbose stack     at emitKeys (internal/readline.js:389:14)
4 verbose stack     at next (native)
4 verbose stack     at ReadStream.onData (readline.js:970:36)
5 verbose cwd /Users/airongbin/iwork/vscode/emmet-uxcore
6 error Darwin 17.3.0
7 error argv "/Users/airongbin/.nvm/versions/node/v6.12.0/bin/node" "/Users/airongbin/.nvm/versions/node/v6.12.0/bin/npm" "login"
8 error node v6.12.0
9 error npm  v3.10.10
10 error canceled
11 error If you need help, you may report this error at:
11 error     <https://github.com/npm/npm/issues>
12 verbose exit [ 1, true ]
